<?xml version="1.0" encoding="UTF-8"?>
<!-- Generated by org.testng.reporters.JUnitReportReporter -->
<testsuite hostname="LAPTOP-P1L26TSF" failures="0" tests="1" name="amarr.loginpagetests.LoginPageTests" time="45.972" errors="0" timestamp="2022-10-26T19:04:34 BDT" skipped="0">
  <testcase classname="amarr.loginpagetests.LoginPageTests" name="tc_3" time="45.972"/>
  <system-out/>
</testsuite> <!-- amarr.loginpagetests.LoginPageTests -->
