<?xml version="1.0" encoding="UTF-8"?>
<!-- Generated by org.testng.reporters.JUnitReportReporter -->
<testsuite hostname="LAPTOP-P1L26TSF" failures="0" tests="1" name="amarr.homepagetests.HomePageTests" time="7.381" errors="0" timestamp="2022-10-26T18:55:57 BDT" skipped="0">
  <testcase classname="amarr.homepagetests.HomePageTests" name="tc_1" time="7.381"/>
  <system-out/>
</testsuite> <!-- amarr.homepagetests.HomePageTests -->
